<?xml version="1.0" encoding="UTF-8"?>
<!-- Generated by org.testng.reporters.JUnitXMLReporter -->
<testsuite hostname="DESKTOP-9QSD73T" ignored="1" name="ParllelTest" tests="2" failures="1" timestamp="06 Aug 2019 10:38:40 GMT" time="0.062" errors="0">
  <testcase name="@AfterMethod screenshotattach" time="0.0" classname="com.Commanmethods.Baseclass">
    <failure type="java.lang.NullPointerException">
      <![CDATA[java.lang.NullPointerException
at com.Commanmethods.Baseclass.getscreenshots(Baseclass.java:101)
at com.Commanmethods.Baseclass.screenshotattach(Baseclass.java:164)
... Removed 28 stack frames]]>
    </failure>
  </testcase> <!-- @AfterMethod screenshotattach -->
  <testcase name="@AfterMethod screenshotattach" time="0.0" classname="com.Commanmethods.Baseclass">
    <skipped/>
  </testcase> <!-- @AfterMethod screenshotattach -->
  <testcase name="testcase1" time="0.031" classname="com.Testcases.HRM_TestCases">
    <failure type="java.lang.NullPointerException">
      <![CDATA[java.lang.NullPointerException
at com.Testcases.HRM_TestCases.testcase1(HRM_TestCases.java:24)
... Removed 25 stack frames]]>
    </failure>
  </testcase> <!-- testcase1 -->
  <testcase name="testcase2" time="0.0" classname="com.Testcases.HRMTestcase1">
    <skipped/>
  </testcase> <!-- testcase2 -->
  <testcase name="@BeforeSuite initialeecution" time="0.0" classname="com.Commanmethods.Baseclass">
    <ignored/>
  </testcase> <!-- @BeforeSuite initialeecution -->
</testsuite> <!-- ParllelTest -->
