<?xml version="1.0" encoding="UTF-8"?>
<!-- Generated by org.testng.reporters.JUnitXMLReporter -->
<testsuite hostname="DESKTOP-9QSD73T" ignored="1" name="Test" tests="2" failures="0" timestamp="06 Aug 2019 11:48:49 GMT" time="24.041" errors="0">
  <testcase name="executionwindow" time="10.136" classname="com.TestRunner.TestExecutionwindow"/>
  <testcase name="executionwindow" time="12.866" classname="com.TestRunner.Test1"/>
  <testcase name="@BeforeSuite initialeecution" time="0.0" classname="com.Commanmethods.Baseclass">
    <ignored/>
  </testcase> <!-- @BeforeSuite initialeecution -->
</testsuite> <!-- Test -->
